The system is: Darwin - 15.5.0 - x86_64
Compiling the C compiler identification source file "CMakeCCompilerId.c" succeeded.
Compiler: /Applications/deal.II.app/Contents/Resources/opt/openmpi-1.10.2/bin/mpicc 
Build flags: 
Id flags: 

The output was:
0


Compilation of the C compiler identification source "CMakeCCompilerId.c" produced "a.out"

The C compiler identification is AppleClang, found in "/Users/David/Documents/Work/PRISMS/phaseField/CMakeFiles/3.3.1/CompilerIdC/a.out"

Compiling the CXX compiler identification source file "CMakeCXXCompilerId.cpp" succeeded.
Compiler: /Applications/deal.II.app/Contents/Resources/opt/openmpi-1.10.2/bin/mpic++ 
Build flags: 
Id flags: 

The output was:
0


Compilation of the CXX compiler identification source "CMakeCXXCompilerId.cpp" produced "a.out"

The CXX compiler identification is AppleClang, found in "/Users/David/Documents/Work/PRISMS/phaseField/CMakeFiles/3.3.1/CompilerIdCXX/a.out"

Determining if the C compiler works passed with the following output:
Change Dir: /Users/David/Documents/Work/PRISMS/phaseField/CMakeFiles/CMakeTmp

Run Build Command:"/usr/bin/make" "cmTC_53375/fast"
/Applications/Xcode.app/Contents/Developer/usr/bin/make -f CMakeFiles/cmTC_53375.dir/build.make CMakeFiles/cmTC_53375.dir/build
Building C object CMakeFiles/cmTC_53375.dir/testCCompiler.c.o
/Applications/deal.II.app/Contents/Resources/opt/openmpi-1.10.2/bin/mpicc   -isysroot /Applications/Xcode.app/Contents/Developer/Platforms/MacOSX.platform/Developer/SDKs/MacOSX10.11.sdk   -o CMakeFiles/cmTC_53375.dir/testCCompiler.c.o   -c /Users/David/Documents/Work/PRISMS/phaseField/CMakeFiles/CMakeTmp/testCCompiler.c
Linking C executable cmTC_53375
/usr/local/Cellar/cmake/3.3.1/bin/cmake -E cmake_link_script CMakeFiles/cmTC_53375.dir/link.txt --verbose=1
/Applications/deal.II.app/Contents/Resources/opt/openmpi-1.10.2/bin/mpicc    -isysroot /Applications/Xcode.app/Contents/Developer/Platforms/MacOSX.platform/Developer/SDKs/MacOSX10.11.sdk -Wl,-search_paths_first -Wl,-headerpad_max_install_names   CMakeFiles/cmTC_53375.dir/testCCompiler.c.o  -o cmTC_53375  


Detecting C compiler ABI info compiled with the following output:
Change Dir: /Users/David/Documents/Work/PRISMS/phaseField/CMakeFiles/CMakeTmp

Run Build Command:"/usr/bin/make" "cmTC_18c34/fast"
/Applications/Xcode.app/Contents/Developer/usr/bin/make -f CMakeFiles/cmTC_18c34.dir/build.make CMakeFiles/cmTC_18c34.dir/build
Building C object CMakeFiles/cmTC_18c34.dir/CMakeCCompilerABI.c.o
/Applications/deal.II.app/Contents/Resources/opt/openmpi-1.10.2/bin/mpicc   -isysroot /Applications/Xcode.app/Contents/Developer/Platforms/MacOSX.platform/Developer/SDKs/MacOSX10.11.sdk   -o CMakeFiles/cmTC_18c34.dir/CMakeCCompilerABI.c.o   -c /usr/local/Cellar/cmake/3.3.1/share/cmake/Modules/CMakeCCompilerABI.c
Linking C executable cmTC_18c34
/usr/local/Cellar/cmake/3.3.1/bin/cmake -E cmake_link_script CMakeFiles/cmTC_18c34.dir/link.txt --verbose=1
/Applications/deal.II.app/Contents/Resources/opt/openmpi-1.10.2/bin/mpicc    -isysroot /Applications/Xcode.app/Contents/Developer/Platforms/MacOSX.platform/Developer/SDKs/MacOSX10.11.sdk -Wl,-search_paths_first -Wl,-headerpad_max_install_names  -v -Wl,-v CMakeFiles/cmTC_18c34.dir/CMakeCCompilerABI.c.o  -o cmTC_18c34   
Apple LLVM version 7.3.0 (clang-703.0.31)
Target: x86_64-apple-darwin15.5.0
Thread model: posix
InstalledDir: /Applications/Xcode.app/Contents/Developer/Toolchains/XcodeDefault.xctoolchain/usr/bin
 "/Applications/Xcode.app/Contents/Developer/Toolchains/XcodeDefault.xctoolchain/usr/bin/ld" -demangle -dynamic -arch x86_64 -macosx_version_min 10.11.0 -syslibroot /Applications/Xcode.app/Contents/Developer/Platforms/MacOSX.platform/Developer/SDKs/MacOSX10.11.sdk -o cmTC_18c34 -L/Applications/deal.II.app/Contents/Resources/opt/openmpi-1.10.2/lib -search_paths_first -headerpad_max_install_names -v CMakeFiles/cmTC_18c34.dir/CMakeCCompilerABI.c.o -lmpi -lSystem /Applications/Xcode.app/Contents/Developer/Toolchains/XcodeDefault.xctoolchain/usr/bin/../lib/clang/7.3.0/lib/darwin/libclang_rt.osx.a
@(#)PROGRAM:ld  PROJECT:ld64-264.3.102
configured to support archs: armv6 armv7 armv7s arm64 i386 x86_64 x86_64h armv6m armv7k armv7m armv7em (tvOS)
Library search paths:
	/Applications/deal.II.app/Contents/Resources/opt/openmpi-1.10.2/lib
	/Applications/Xcode.app/Contents/Developer/Platforms/MacOSX.platform/Developer/SDKs/MacOSX10.11.sdk/usr/lib
Framework search paths:
	/Applications/Xcode.app/Contents/Developer/Platforms/MacOSX.platform/Developer/SDKs/MacOSX10.11.sdk/System/Library/Frameworks/


Parsed C implicit link information from above output:
  link line regex: [^( *|.*[/\])(ld|([^/\]+-)?ld|collect2)[^/\]*( |$)]
  ignore line: [Change Dir: /Users/David/Documents/Work/PRISMS/phaseField/CMakeFiles/CMakeTmp]
  ignore line: []
  ignore line: [Run Build Command:"/usr/bin/make" "cmTC_18c34/fast"]
  ignore line: [/Applications/Xcode.app/Contents/Developer/usr/bin/make -f CMakeFiles/cmTC_18c34.dir/build.make CMakeFiles/cmTC_18c34.dir/build]
  ignore line: [Building C object CMakeFiles/cmTC_18c34.dir/CMakeCCompilerABI.c.o]
  ignore line: [/Applications/deal.II.app/Contents/Resources/opt/openmpi-1.10.2/bin/mpicc   -isysroot /Applications/Xcode.app/Contents/Developer/Platforms/MacOSX.platform/Developer/SDKs/MacOSX10.11.sdk   -o CMakeFiles/cmTC_18c34.dir/CMakeCCompilerABI.c.o   -c /usr/local/Cellar/cmake/3.3.1/share/cmake/Modules/CMakeCCompilerABI.c]
  ignore line: [Linking C executable cmTC_18c34]
  ignore line: [/usr/local/Cellar/cmake/3.3.1/bin/cmake -E cmake_link_script CMakeFiles/cmTC_18c34.dir/link.txt --verbose=1]
  ignore line: [/Applications/deal.II.app/Contents/Resources/opt/openmpi-1.10.2/bin/mpicc    -isysroot /Applications/Xcode.app/Contents/Developer/Platforms/MacOSX.platform/Developer/SDKs/MacOSX10.11.sdk -Wl,-search_paths_first -Wl,-headerpad_max_install_names  -v -Wl,-v CMakeFiles/cmTC_18c34.dir/CMakeCCompilerABI.c.o  -o cmTC_18c34   ]
  ignore line: [Apple LLVM version 7.3.0 (clang-703.0.31)]
  ignore line: [Target: x86_64-apple-darwin15.5.0]
  ignore line: [Thread model: posix]
  ignore line: [InstalledDir: /Applications/Xcode.app/Contents/Developer/Toolchains/XcodeDefault.xctoolchain/usr/bin]
  link line: [ "/Applications/Xcode.app/Contents/Developer/Toolchains/XcodeDefault.xctoolchain/usr/bin/ld" -demangle -dynamic -arch x86_64 -macosx_version_min 10.11.0 -syslibroot /Applications/Xcode.app/Contents/Developer/Platforms/MacOSX.platform/Developer/SDKs/MacOSX10.11.sdk -o cmTC_18c34 -L/Applications/deal.II.app/Contents/Resources/opt/openmpi-1.10.2/lib -search_paths_first -headerpad_max_install_names -v CMakeFiles/cmTC_18c34.dir/CMakeCCompilerABI.c.o -lmpi -lSystem /Applications/Xcode.app/Contents/Developer/Toolchains/XcodeDefault.xctoolchain/usr/bin/../lib/clang/7.3.0/lib/darwin/libclang_rt.osx.a]
    arg [/Applications/Xcode.app/Contents/Developer/Toolchains/XcodeDefault.xctoolchain/usr/bin/ld] ==> ignore
    arg [-demangle] ==> ignore
    arg [-dynamic] ==> ignore
    arg [-arch] ==> ignore
    arg [x86_64] ==> ignore
    arg [-macosx_version_min] ==> ignore
    arg [10.11.0] ==> ignore
    arg [-syslibroot] ==> ignore
    arg [/Applications/Xcode.app/Contents/Developer/Platforms/MacOSX.platform/Developer/SDKs/MacOSX10.11.sdk] ==> ignore
    arg [-o] ==> ignore
    arg [cmTC_18c34] ==> ignore
    arg [-L/Applications/deal.II.app/Contents/Resources/opt/openmpi-1.10.2/lib] ==> dir [/Applications/deal.II.app/Contents/Resources/opt/openmpi-1.10.2/lib]
    arg [-search_paths_first] ==> ignore
    arg [-headerpad_max_install_names] ==> ignore
    arg [-v] ==> ignore
    arg [CMakeFiles/cmTC_18c34.dir/CMakeCCompilerABI.c.o] ==> ignore
    arg [-lmpi] ==> lib [mpi]
    arg [-lSystem] ==> lib [System]
    arg [/Applications/Xcode.app/Contents/Developer/Toolchains/XcodeDefault.xctoolchain/usr/bin/../lib/clang/7.3.0/lib/darwin/libclang_rt.osx.a] ==> lib [/Applications/Xcode.app/Contents/Developer/Toolchains/XcodeDefault.xctoolchain/usr/bin/../lib/clang/7.3.0/lib/darwin/libclang_rt.osx.a]
  Library search paths: [;/Applications/deal.II.app/Contents/Resources/opt/openmpi-1.10.2/lib;/Applications/Xcode.app/Contents/Developer/Platforms/MacOSX.platform/Developer/SDKs/MacOSX10.11.sdk/usr/lib]
  Framework search paths: [;/Applications/Xcode.app/Contents/Developer/Platforms/MacOSX.platform/Developer/SDKs/MacOSX10.11.sdk/System/Library/Frameworks/]
  remove lib [System]
  collapse lib [/Applications/Xcode.app/Contents/Developer/Toolchains/XcodeDefault.xctoolchain/usr/bin/../lib/clang/7.3.0/lib/darwin/libclang_rt.osx.a] ==> [/Applications/Xcode.app/Contents/Developer/Toolchains/XcodeDefault.xctoolchain/usr/lib/clang/7.3.0/lib/darwin/libclang_rt.osx.a]
  collapse library dir [/Applications/deal.II.app/Contents/Resources/opt/openmpi-1.10.2/lib] ==> [/Applications/deal.II.app/Contents/Resources/opt/openmpi-1.10.2/lib]
  collapse library dir [/Applications/deal.II.app/Contents/Resources/opt/openmpi-1.10.2/lib] ==> [/Applications/deal.II.app/Contents/Resources/opt/openmpi-1.10.2/lib]
  collapse library dir [/Applications/Xcode.app/Contents/Developer/Platforms/MacOSX.platform/Developer/SDKs/MacOSX10.11.sdk/usr/lib] ==> [/Applications/Xcode.app/Contents/Developer/Platforms/MacOSX.platform/Developer/SDKs/MacOSX10.11.sdk/usr/lib]
  collapse framework dir [/Applications/Xcode.app/Contents/Developer/Platforms/MacOSX.platform/Developer/SDKs/MacOSX10.11.sdk/System/Library/Frameworks/] ==> [/Applications/Xcode.app/Contents/Developer/Platforms/MacOSX.platform/Developer/SDKs/MacOSX10.11.sdk/System/Library/Frameworks]
  implicit libs: [mpi;/Applications/Xcode.app/Contents/Developer/Toolchains/XcodeDefault.xctoolchain/usr/lib/clang/7.3.0/lib/darwin/libclang_rt.osx.a]
  implicit dirs: [/Applications/deal.II.app/Contents/Resources/opt/openmpi-1.10.2/lib;/Applications/Xcode.app/Contents/Developer/Platforms/MacOSX.platform/Developer/SDKs/MacOSX10.11.sdk/usr/lib]
  implicit fwks: [/Applications/Xcode.app/Contents/Developer/Platforms/MacOSX.platform/Developer/SDKs/MacOSX10.11.sdk/System/Library/Frameworks]




Detecting C [-std=c11] compiler features compiled with the following output:
Change Dir: /Users/David/Documents/Work/PRISMS/phaseField/CMakeFiles/CMakeTmp

Run Build Command:"/usr/bin/make" "cmTC_7a578/fast"
/Applications/Xcode.app/Contents/Developer/usr/bin/make -f CMakeFiles/cmTC_7a578.dir/build.make CMakeFiles/cmTC_7a578.dir/build
Building C object CMakeFiles/cmTC_7a578.dir/feature_tests.c.o
/Applications/deal.II.app/Contents/Resources/opt/openmpi-1.10.2/bin/mpicc   -isysroot /Applications/Xcode.app/Contents/Developer/Platforms/MacOSX.platform/Developer/SDKs/MacOSX10.11.sdk   -std=c11 -o CMakeFiles/cmTC_7a578.dir/feature_tests.c.o   -c /Users/David/Documents/Work/PRISMS/phaseField/CMakeFiles/feature_tests.c
Linking C executable cmTC_7a578
/usr/local/Cellar/cmake/3.3.1/bin/cmake -E cmake_link_script CMakeFiles/cmTC_7a578.dir/link.txt --verbose=1
/Applications/deal.II.app/Contents/Resources/opt/openmpi-1.10.2/bin/mpicc    -isysroot /Applications/Xcode.app/Contents/Developer/Platforms/MacOSX.platform/Developer/SDKs/MacOSX10.11.sdk -Wl,-search_paths_first -Wl,-headerpad_max_install_names   CMakeFiles/cmTC_7a578.dir/feature_tests.c.o  -o cmTC_7a578  


    Feature record: C_FEATURE:1c_function_prototypes
    Feature record: C_FEATURE:1c_restrict
    Feature record: C_FEATURE:1c_static_assert
    Feature record: C_FEATURE:1c_variadic_macros


Detecting C [-std=c99] compiler features compiled with the following output:
Change Dir: /Users/David/Documents/Work/PRISMS/phaseField/CMakeFiles/CMakeTmp

Run Build Command:"/usr/bin/make" "cmTC_0424e/fast"
/Applications/Xcode.app/Contents/Developer/usr/bin/make -f CMakeFiles/cmTC_0424e.dir/build.make CMakeFiles/cmTC_0424e.dir/build
Building C object CMakeFiles/cmTC_0424e.dir/feature_tests.c.o
/Applications/deal.II.app/Contents/Resources/opt/openmpi-1.10.2/bin/mpicc   -isysroot /Applications/Xcode.app/Contents/Developer/Platforms/MacOSX.platform/Developer/SDKs/MacOSX10.11.sdk   -std=c99 -o CMakeFiles/cmTC_0424e.dir/feature_tests.c.o   -c /Users/David/Documents/Work/PRISMS/phaseField/CMakeFiles/feature_tests.c
Linking C executable cmTC_0424e
/usr/local/Cellar/cmake/3.3.1/bin/cmake -E cmake_link_script CMakeFiles/cmTC_0424e.dir/link.txt --verbose=1
/Applications/deal.II.app/Contents/Resources/opt/openmpi-1.10.2/bin/mpicc    -isysroot /Applications/Xcode.app/Contents/Developer/Platforms/MacOSX.platform/Developer/SDKs/MacOSX10.11.sdk -Wl,-search_paths_first -Wl,-headerpad_max_install_names   CMakeFiles/cmTC_0424e.dir/feature_tests.c.o  -o cmTC_0424e  


    Feature record: C_FEATURE:1c_function_prototypes
    Feature record: C_FEATURE:1c_restrict
    Feature record: C_FEATURE:0c_static_assert
    Feature record: C_FEATURE:1c_variadic_macros


Detecting C [-std=c90] compiler features compiled with the following output:
Change Dir: /Users/David/Documents/Work/PRISMS/phaseField/CMakeFiles/CMakeTmp

Run Build Command:"/usr/bin/make" "cmTC_3749d/fast"
/Applications/Xcode.app/Contents/Developer/usr/bin/make -f CMakeFiles/cmTC_3749d.dir/build.make CMakeFiles/cmTC_3749d.dir/build
Building C object CMakeFiles/cmTC_3749d.dir/feature_tests.c.o
/Applications/deal.II.app/Contents/Resources/opt/openmpi-1.10.2/bin/mpicc   -isysroot /Applications/Xcode.app/Contents/Developer/Platforms/MacOSX.platform/Developer/SDKs/MacOSX10.11.sdk   -std=c90 -o CMakeFiles/cmTC_3749d.dir/feature_tests.c.o   -c /Users/David/Documents/Work/PRISMS/phaseField/CMakeFiles/feature_tests.c
Linking C executable cmTC_3749d
/usr/local/Cellar/cmake/3.3.1/bin/cmake -E cmake_link_script CMakeFiles/cmTC_3749d.dir/link.txt --verbose=1
/Applications/deal.II.app/Contents/Resources/opt/openmpi-1.10.2/bin/mpicc    -isysroot /Applications/Xcode.app/Contents/Developer/Platforms/MacOSX.platform/Developer/SDKs/MacOSX10.11.sdk -Wl,-search_paths_first -Wl,-headerpad_max_install_names   CMakeFiles/cmTC_3749d.dir/feature_tests.c.o  -o cmTC_3749d  


    Feature record: C_FEATURE:1c_function_prototypes
    Feature record: C_FEATURE:0c_restrict
    Feature record: C_FEATURE:0c_static_assert
    Feature record: C_FEATURE:0c_variadic_macros
Determining if the CXX compiler works passed with the following output:
Change Dir: /Users/David/Documents/Work/PRISMS/phaseField/CMakeFiles/CMakeTmp

Run Build Command:"/usr/bin/make" "cmTC_e0b34/fast"
/Applications/Xcode.app/Contents/Developer/usr/bin/make -f CMakeFiles/cmTC_e0b34.dir/build.make CMakeFiles/cmTC_e0b34.dir/build
Building CXX object CMakeFiles/cmTC_e0b34.dir/testCXXCompiler.cxx.o
/Applications/deal.II.app/Contents/Resources/opt/openmpi-1.10.2/bin/mpic++    -isysroot /Applications/Xcode.app/Contents/Developer/Platforms/MacOSX.platform/Developer/SDKs/MacOSX10.11.sdk   -o CMakeFiles/cmTC_e0b34.dir/testCXXCompiler.cxx.o -c /Users/David/Documents/Work/PRISMS/phaseField/CMakeFiles/CMakeTmp/testCXXCompiler.cxx
Linking CXX executable cmTC_e0b34
/usr/local/Cellar/cmake/3.3.1/bin/cmake -E cmake_link_script CMakeFiles/cmTC_e0b34.dir/link.txt --verbose=1
/Applications/deal.II.app/Contents/Resources/opt/openmpi-1.10.2/bin/mpic++     -isysroot /Applications/Xcode.app/Contents/Developer/Platforms/MacOSX.platform/Developer/SDKs/MacOSX10.11.sdk -Wl,-search_paths_first -Wl,-headerpad_max_install_names   CMakeFiles/cmTC_e0b34.dir/testCXXCompiler.cxx.o  -o cmTC_e0b34  


Detecting CXX compiler ABI info compiled with the following output:
Change Dir: /Users/David/Documents/Work/PRISMS/phaseField/CMakeFiles/CMakeTmp

Run Build Command:"/usr/bin/make" "cmTC_83af1/fast"
/Applications/Xcode.app/Contents/Developer/usr/bin/make -f CMakeFiles/cmTC_83af1.dir/build.make CMakeFiles/cmTC_83af1.dir/build
Building CXX object CMakeFiles/cmTC_83af1.dir/CMakeCXXCompilerABI.cpp.o
/Applications/deal.II.app/Contents/Resources/opt/openmpi-1.10.2/bin/mpic++    -isysroot /Applications/Xcode.app/Contents/Developer/Platforms/MacOSX.platform/Developer/SDKs/MacOSX10.11.sdk   -o CMakeFiles/cmTC_83af1.dir/CMakeCXXCompilerABI.cpp.o -c /usr/local/Cellar/cmake/3.3.1/share/cmake/Modules/CMakeCXXCompilerABI.cpp
Linking CXX executable cmTC_83af1
/usr/local/Cellar/cmake/3.3.1/bin/cmake -E cmake_link_script CMakeFiles/cmTC_83af1.dir/link.txt --verbose=1
/Applications/deal.II.app/Contents/Resources/opt/openmpi-1.10.2/bin/mpic++     -isysroot /Applications/Xcode.app/Contents/Developer/Platforms/MacOSX.platform/Developer/SDKs/MacOSX10.11.sdk -Wl,-search_paths_first -Wl,-headerpad_max_install_names  -v -Wl,-v CMakeFiles/cmTC_83af1.dir/CMakeCXXCompilerABI.cpp.o  -o cmTC_83af1   
Apple LLVM version 7.3.0 (clang-703.0.31)
Target: x86_64-apple-darwin15.5.0
Thread model: posix
InstalledDir: /Applications/Xcode.app/Contents/Developer/Toolchains/XcodeDefault.xctoolchain/usr/bin
 "/Applications/Xcode.app/Contents/Developer/Toolchains/XcodeDefault.xctoolchain/usr/bin/ld" -demangle -dynamic -arch x86_64 -macosx_version_min 10.11.0 -syslibroot /Applications/Xcode.app/Contents/Developer/Platforms/MacOSX.platform/Developer/SDKs/MacOSX10.11.sdk -o cmTC_83af1 -L/Applications/deal.II.app/Contents/Resources/opt/openmpi-1.10.2/lib -search_paths_first -headerpad_max_install_names -v CMakeFiles/cmTC_83af1.dir/CMakeCXXCompilerABI.cpp.o -lmpi_cxx -lmpi -lc++ -lSystem /Applications/Xcode.app/Contents/Developer/Toolchains/XcodeDefault.xctoolchain/usr/bin/../lib/clang/7.3.0/lib/darwin/libclang_rt.osx.a
@(#)PROGRAM:ld  PROJECT:ld64-264.3.102
configured to support archs: armv6 armv7 armv7s arm64 i386 x86_64 x86_64h armv6m armv7k armv7m armv7em (tvOS)
Library search paths:
	/Applications/deal.II.app/Contents/Resources/opt/openmpi-1.10.2/lib
	/Applications/Xcode.app/Contents/Developer/Platforms/MacOSX.platform/Developer/SDKs/MacOSX10.11.sdk/usr/lib
Framework search paths:
	/Applications/Xcode.app/Contents/Developer/Platforms/MacOSX.platform/Developer/SDKs/MacOSX10.11.sdk/System/Library/Frameworks/


Parsed CXX implicit link information from above output:
  link line regex: [^( *|.*[/\])(ld|([^/\]+-)?ld|collect2)[^/\]*( |$)]
  ignore line: [Change Dir: /Users/David/Documents/Work/PRISMS/phaseField/CMakeFiles/CMakeTmp]
  ignore line: []
  ignore line: [Run Build Command:"/usr/bin/make" "cmTC_83af1/fast"]
  ignore line: [/Applications/Xcode.app/Contents/Developer/usr/bin/make -f CMakeFiles/cmTC_83af1.dir/build.make CMakeFiles/cmTC_83af1.dir/build]
  ignore line: [Building CXX object CMakeFiles/cmTC_83af1.dir/CMakeCXXCompilerABI.cpp.o]
  ignore line: [/Applications/deal.II.app/Contents/Resources/opt/openmpi-1.10.2/bin/mpic++    -isysroot /Applications/Xcode.app/Contents/Developer/Platforms/MacOSX.platform/Developer/SDKs/MacOSX10.11.sdk   -o CMakeFiles/cmTC_83af1.dir/CMakeCXXCompilerABI.cpp.o -c /usr/local/Cellar/cmake/3.3.1/share/cmake/Modules/CMakeCXXCompilerABI.cpp]
  ignore line: [Linking CXX executable cmTC_83af1]
  ignore line: [/usr/local/Cellar/cmake/3.3.1/bin/cmake -E cmake_link_script CMakeFiles/cmTC_83af1.dir/link.txt --verbose=1]
  ignore line: [/Applications/deal.II.app/Contents/Resources/opt/openmpi-1.10.2/bin/mpic++     -isysroot /Applications/Xcode.app/Contents/Developer/Platforms/MacOSX.platform/Developer/SDKs/MacOSX10.11.sdk -Wl,-search_paths_first -Wl,-headerpad_max_install_names  -v -Wl,-v CMakeFiles/cmTC_83af1.dir/CMakeCXXCompilerABI.cpp.o  -o cmTC_83af1   ]
  ignore line: [Apple LLVM version 7.3.0 (clang-703.0.31)]
  ignore line: [Target: x86_64-apple-darwin15.5.0]
  ignore line: [Thread model: posix]
  ignore line: [InstalledDir: /Applications/Xcode.app/Contents/Developer/Toolchains/XcodeDefault.xctoolchain/usr/bin]
  link line: [ "/Applications/Xcode.app/Contents/Developer/Toolchains/XcodeDefault.xctoolchain/usr/bin/ld" -demangle -dynamic -arch x86_64 -macosx_version_min 10.11.0 -syslibroot /Applications/Xcode.app/Contents/Developer/Platforms/MacOSX.platform/Developer/SDKs/MacOSX10.11.sdk -o cmTC_83af1 -L/Applications/deal.II.app/Contents/Resources/opt/openmpi-1.10.2/lib -search_paths_first -headerpad_max_install_names -v CMakeFiles/cmTC_83af1.dir/CMakeCXXCompilerABI.cpp.o -lmpi_cxx -lmpi -lc++ -lSystem /Applications/Xcode.app/Contents/Developer/Toolchains/XcodeDefault.xctoolchain/usr/bin/../lib/clang/7.3.0/lib/darwin/libclang_rt.osx.a]
    arg [/Applications/Xcode.app/Contents/Developer/Toolchains/XcodeDefault.xctoolchain/usr/bin/ld] ==> ignore
    arg [-demangle] ==> ignore
    arg [-dynamic] ==> ignore
    arg [-arch] ==> ignore
    arg [x86_64] ==> ignore
    arg [-macosx_version_min] ==> ignore
    arg [10.11.0] ==> ignore
    arg [-syslibroot] ==> ignore
    arg [/Applications/Xcode.app/Contents/Developer/Platforms/MacOSX.platform/Developer/SDKs/MacOSX10.11.sdk] ==> ignore
    arg [-o] ==> ignore
    arg [cmTC_83af1] ==> ignore
    arg [-L/Applications/deal.II.app/Contents/Resources/opt/openmpi-1.10.2/lib] ==> dir [/Applications/deal.II.app/Contents/Resources/opt/openmpi-1.10.2/lib]
    arg [-search_paths_first] ==> ignore
    arg [-headerpad_max_install_names] ==> ignore
    arg [-v] ==> ignore
    arg [CMakeFiles/cmTC_83af1.dir/CMakeCXXCompilerABI.cpp.o] ==> ignore
    arg [-lmpi_cxx] ==> lib [mpi_cxx]
    arg [-lmpi] ==> lib [mpi]
    arg [-lc++] ==> lib [c++]
    arg [-lSystem] ==> lib [System]
    arg [/Applications/Xcode.app/Contents/Developer/Toolchains/XcodeDefault.xctoolchain/usr/bin/../lib/clang/7.3.0/lib/darwin/libclang_rt.osx.a] ==> lib [/Applications/Xcode.app/Contents/Developer/Toolchains/XcodeDefault.xctoolchain/usr/bin/../lib/clang/7.3.0/lib/darwin/libclang_rt.osx.a]
  Library search paths: [;/Applications/deal.II.app/Contents/Resources/opt/openmpi-1.10.2/lib;/Applications/Xcode.app/Contents/Developer/Platforms/MacOSX.platform/Developer/SDKs/MacOSX10.11.sdk/usr/lib]
  Framework search paths: [;/Applications/Xcode.app/Contents/Developer/Platforms/MacOSX.platform/Developer/SDKs/MacOSX10.11.sdk/System/Library/Frameworks/]
  remove lib [System]
  collapse lib [/Applications/Xcode.app/Contents/Developer/Toolchains/XcodeDefault.xctoolchain/usr/bin/../lib/clang/7.3.0/lib/darwin/libclang_rt.osx.a] ==> [/Applications/Xcode.app/Contents/Developer/Toolchains/XcodeDefault.xctoolchain/usr/lib/clang/7.3.0/lib/darwin/libclang_rt.osx.a]
  collapse library dir [/Applications/deal.II.app/Contents/Resources/opt/openmpi-1.10.2/lib] ==> [/Applications/deal.II.app/Contents/Resources/opt/openmpi-1.10.2/lib]
  collapse library dir [/Applications/deal.II.app/Contents/Resources/opt/openmpi-1.10.2/lib] ==> [/Applications/deal.II.app/Contents/Resources/opt/openmpi-1.10.2/lib]
  collapse library dir [/Applications/Xcode.app/Contents/Developer/Platforms/MacOSX.platform/Developer/SDKs/MacOSX10.11.sdk/usr/lib] ==> [/Applications/Xcode.app/Contents/Developer/Platforms/MacOSX.platform/Developer/SDKs/MacOSX10.11.sdk/usr/lib]
  collapse framework dir [/Applications/Xcode.app/Contents/Developer/Platforms/MacOSX.platform/Developer/SDKs/MacOSX10.11.sdk/System/Library/Frameworks/] ==> [/Applications/Xcode.app/Contents/Developer/Platforms/MacOSX.platform/Developer/SDKs/MacOSX10.11.sdk/System/Library/Frameworks]
  implicit libs: [mpi_cxx;mpi;c++;/Applications/Xcode.app/Contents/Developer/Toolchains/XcodeDefault.xctoolchain/usr/lib/clang/7.3.0/lib/darwin/libclang_rt.osx.a]
  implicit dirs: [/Applications/deal.II.app/Contents/Resources/opt/openmpi-1.10.2/lib;/Applications/Xcode.app/Contents/Developer/Platforms/MacOSX.platform/Developer/SDKs/MacOSX10.11.sdk/usr/lib]
  implicit fwks: [/Applications/Xcode.app/Contents/Developer/Platforms/MacOSX.platform/Developer/SDKs/MacOSX10.11.sdk/System/Library/Frameworks]




Detecting CXX [-std=c++1y] compiler features compiled with the following output:
Change Dir: /Users/David/Documents/Work/PRISMS/phaseField/CMakeFiles/CMakeTmp

Run Build Command:"/usr/bin/make" "cmTC_4ea15/fast"
/Applications/Xcode.app/Contents/Developer/usr/bin/make -f CMakeFiles/cmTC_4ea15.dir/build.make CMakeFiles/cmTC_4ea15.dir/build
Building CXX object CMakeFiles/cmTC_4ea15.dir/feature_tests.cxx.o
/Applications/deal.II.app/Contents/Resources/opt/openmpi-1.10.2/bin/mpic++    -isysroot /Applications/Xcode.app/Contents/Developer/Platforms/MacOSX.platform/Developer/SDKs/MacOSX10.11.sdk   -std=c++1y -o CMakeFiles/cmTC_4ea15.dir/feature_tests.cxx.o -c /Users/David/Documents/Work/PRISMS/phaseField/CMakeFiles/feature_tests.cxx
Linking CXX executable cmTC_4ea15
/usr/local/Cellar/cmake/3.3.1/bin/cmake -E cmake_link_script CMakeFiles/cmTC_4ea15.dir/link.txt --verbose=1
/Applications/deal.II.app/Contents/Resources/opt/openmpi-1.10.2/bin/mpic++     -isysroot /Applications/Xcode.app/Contents/Developer/Platforms/MacOSX.platform/Developer/SDKs/MacOSX10.11.sdk -Wl,-search_paths_first -Wl,-headerpad_max_install_names   CMakeFiles/cmTC_4ea15.dir/feature_tests.cxx.o  -o cmTC_4ea15  


    Feature record: CXX_FEATURE:1cxx_aggregate_default_initializers
    Feature record: CXX_FEATURE:1cxx_alias_templates
    Feature record: CXX_FEATURE:1cxx_alignas
    Feature record: CXX_FEATURE:1cxx_alignof
    Feature record: CXX_FEATURE:1cxx_attributes
    Feature record: CXX_FEATURE:1cxx_attribute_deprecated
    Feature record: CXX_FEATURE:1cxx_auto_type
    Feature record: CXX_FEATURE:1cxx_binary_literals
    Feature record: CXX_FEATURE:1cxx_constexpr
    Feature record: CXX_FEATURE:1cxx_contextual_conversions
    Feature record: CXX_FEATURE:1cxx_decltype
    Feature record: CXX_FEATURE:1cxx_decltype_auto
    Feature record: CXX_FEATURE:1cxx_decltype_incomplete_return_types
    Feature record: CXX_FEATURE:1cxx_default_function_template_args
    Feature record: CXX_FEATURE:1cxx_defaulted_functions
    Feature record: CXX_FEATURE:1cxx_defaulted_move_initializers
    Feature record: CXX_FEATURE:1cxx_delegating_constructors
    Feature record: CXX_FEATURE:1cxx_deleted_functions
    Feature record: CXX_FEATURE:1cxx_digit_separators
    Feature record: CXX_FEATURE:1cxx_enum_forward_declarations
    Feature record: CXX_FEATURE:1cxx_explicit_conversions
    Feature record: CXX_FEATURE:1cxx_extended_friend_declarations
    Feature record: CXX_FEATURE:1cxx_extern_templates
    Feature record: CXX_FEATURE:1cxx_final
    Feature record: CXX_FEATURE:1cxx_func_identifier
    Feature record: CXX_FEATURE:1cxx_generalized_initializers
    Feature record: CXX_FEATURE:1cxx_generic_lambdas
    Feature record: CXX_FEATURE:1cxx_inheriting_constructors
    Feature record: CXX_FEATURE:1cxx_inline_namespaces
    Feature record: CXX_FEATURE:1cxx_lambdas
    Feature record: CXX_FEATURE:1cxx_lambda_init_captures
    Feature record: CXX_FEATURE:1cxx_local_type_template_args
    Feature record: CXX_FEATURE:1cxx_long_long_type
    Feature record: CXX_FEATURE:1cxx_noexcept
    Feature record: CXX_FEATURE:1cxx_nonstatic_member_init
    Feature record: CXX_FEATURE:1cxx_nullptr
    Feature record: CXX_FEATURE:1cxx_override
    Feature record: CXX_FEATURE:1cxx_range_for
    Feature record: CXX_FEATURE:1cxx_raw_string_literals
    Feature record: CXX_FEATURE:1cxx_reference_qualified_functions
    Feature record: CXX_FEATURE:1cxx_relaxed_constexpr
    Feature record: CXX_FEATURE:1cxx_return_type_deduction
    Feature record: CXX_FEATURE:1cxx_right_angle_brackets
    Feature record: CXX_FEATURE:1cxx_rvalue_references
    Feature record: CXX_FEATURE:1cxx_sizeof_member
    Feature record: CXX_FEATURE:1cxx_static_assert
    Feature record: CXX_FEATURE:1cxx_strong_enums
    Feature record: CXX_FEATURE:1cxx_template_template_parameters
    Feature record: CXX_FEATURE:0cxx_thread_local
    Feature record: CXX_FEATURE:1cxx_trailing_return_types
    Feature record: CXX_FEATURE:1cxx_unicode_literals
    Feature record: CXX_FEATURE:1cxx_uniform_initialization
    Feature record: CXX_FEATURE:1cxx_unrestricted_unions
    Feature record: CXX_FEATURE:1cxx_user_literals
    Feature record: CXX_FEATURE:1cxx_variable_templates
    Feature record: CXX_FEATURE:1cxx_variadic_macros
    Feature record: CXX_FEATURE:1cxx_variadic_templates


Detecting CXX [-std=c++11] compiler features compiled with the following output:
Change Dir: /Users/David/Documents/Work/PRISMS/phaseField/CMakeFiles/CMakeTmp

Run Build Command:"/usr/bin/make" "cmTC_69499/fast"
/Applications/Xcode.app/Contents/Developer/usr/bin/make -f CMakeFiles/cmTC_69499.dir/build.make CMakeFiles/cmTC_69499.dir/build
Building CXX object CMakeFiles/cmTC_69499.dir/feature_tests.cxx.o
/Applications/deal.II.app/Contents/Resources/opt/openmpi-1.10.2/bin/mpic++    -isysroot /Applications/Xcode.app/Contents/Developer/Platforms/MacOSX.platform/Developer/SDKs/MacOSX10.11.sdk   -std=c++11 -o CMakeFiles/cmTC_69499.dir/feature_tests.cxx.o -c /Users/David/Documents/Work/PRISMS/phaseField/CMakeFiles/feature_tests.cxx
Linking CXX executable cmTC_69499
/usr/local/Cellar/cmake/3.3.1/bin/cmake -E cmake_link_script CMakeFiles/cmTC_69499.dir/link.txt --verbose=1
/Applications/deal.II.app/Contents/Resources/opt/openmpi-1.10.2/bin/mpic++     -isysroot /Applications/Xcode.app/Contents/Developer/Platforms/MacOSX.platform/Developer/SDKs/MacOSX10.11.sdk -Wl,-search_paths_first -Wl,-headerpad_max_install_names   CMakeFiles/cmTC_69499.dir/feature_tests.cxx.o  -o cmTC_69499  


    Feature record: CXX_FEATURE:0cxx_aggregate_default_initializers
    Feature record: CXX_FEATURE:1cxx_alias_templates
    Feature record: CXX_FEATURE:1cxx_alignas
    Feature record: CXX_FEATURE:1cxx_alignof
    Feature record: CXX_FEATURE:1cxx_attributes
    Feature record: CXX_FEATURE:0cxx_attribute_deprecated
    Feature record: CXX_FEATURE:1cxx_auto_type
    Feature record: CXX_FEATURE:0cxx_binary_literals
    Feature record: CXX_FEATURE:1cxx_constexpr
    Feature record: CXX_FEATURE:0cxx_contextual_conversions
    Feature record: CXX_FEATURE:1cxx_decltype
    Feature record: CXX_FEATURE:0cxx_decltype_auto
    Feature record: CXX_FEATURE:1cxx_decltype_incomplete_return_types
    Feature record: CXX_FEATURE:1cxx_default_function_template_args
    Feature record: CXX_FEATURE:1cxx_defaulted_functions
    Feature record: CXX_FEATURE:1cxx_defaulted_move_initializers
    Feature record: CXX_FEATURE:1cxx_delegating_constructors
    Feature record: CXX_FEATURE:1cxx_deleted_functions
    Feature record: CXX_FEATURE:0cxx_digit_separators
    Feature record: CXX_FEATURE:1cxx_enum_forward_declarations
    Feature record: CXX_FEATURE:1cxx_explicit_conversions
    Feature record: CXX_FEATURE:1cxx_extended_friend_declarations
    Feature record: CXX_FEATURE:1cxx_extern_templates
    Feature record: CXX_FEATURE:1cxx_final
    Feature record: CXX_FEATURE:1cxx_func_identifier
    Feature record: CXX_FEATURE:1cxx_generalized_initializers
    Feature record: CXX_FEATURE:0cxx_generic_lambdas
    Feature record: CXX_FEATURE:1cxx_inheriting_constructors
    Feature record: CXX_FEATURE:1cxx_inline_namespaces
    Feature record: CXX_FEATURE:1cxx_lambdas
    Feature record: CXX_FEATURE:0cxx_lambda_init_captures
    Feature record: CXX_FEATURE:1cxx_local_type_template_args
    Feature record: CXX_FEATURE:1cxx_long_long_type
    Feature record: CXX_FEATURE:1cxx_noexcept
    Feature record: CXX_FEATURE:1cxx_nonstatic_member_init
    Feature record: CXX_FEATURE:1cxx_nullptr
    Feature record: CXX_FEATURE:1cxx_override
    Feature record: CXX_FEATURE:1cxx_range_for
    Feature record: CXX_FEATURE:1cxx_raw_string_literals
    Feature record: CXX_FEATURE:1cxx_reference_qualified_functions
    Feature record: CXX_FEATURE:0cxx_relaxed_constexpr
    Feature record: CXX_FEATURE:0cxx_return_type_deduction
    Feature record: CXX_FEATURE:1cxx_right_angle_brackets
    Feature record: CXX_FEATURE:1cxx_rvalue_references
    Feature record: CXX_FEATURE:1cxx_sizeof_member
    Feature record: CXX_FEATURE:1cxx_static_assert
    Feature record: CXX_FEATURE:1cxx_strong_enums
    Feature record: CXX_FEATURE:1cxx_template_template_parameters
    Feature record: CXX_FEATURE:0cxx_thread_local
    Feature record: CXX_FEATURE:1cxx_trailing_return_types
    Feature record: CXX_FEATURE:1cxx_unicode_literals
    Feature record: CXX_FEATURE:1cxx_uniform_initialization
    Feature record: CXX_FEATURE:1cxx_unrestricted_unions
    Feature record: CXX_FEATURE:1cxx_user_literals
    Feature record: CXX_FEATURE:0cxx_variable_templates
    Feature record: CXX_FEATURE:1cxx_variadic_macros
    Feature record: CXX_FEATURE:1cxx_variadic_templates


Detecting CXX [-std=c++98] compiler features compiled with the following output:
Change Dir: /Users/David/Documents/Work/PRISMS/phaseField/CMakeFiles/CMakeTmp

Run Build Command:"/usr/bin/make" "cmTC_90462/fast"
/Applications/Xcode.app/Contents/Developer/usr/bin/make -f CMakeFiles/cmTC_90462.dir/build.make CMakeFiles/cmTC_90462.dir/build
Building CXX object CMakeFiles/cmTC_90462.dir/feature_tests.cxx.o
/Applications/deal.II.app/Contents/Resources/opt/openmpi-1.10.2/bin/mpic++    -isysroot /Applications/Xcode.app/Contents/Developer/Platforms/MacOSX.platform/Developer/SDKs/MacOSX10.11.sdk   -std=c++98 -o CMakeFiles/cmTC_90462.dir/feature_tests.cxx.o -c /Users/David/Documents/Work/PRISMS/phaseField/CMakeFiles/feature_tests.cxx
Linking CXX executable cmTC_90462
/usr/local/Cellar/cmake/3.3.1/bin/cmake -E cmake_link_script CMakeFiles/cmTC_90462.dir/link.txt --verbose=1
/Applications/deal.II.app/Contents/Resources/opt/openmpi-1.10.2/bin/mpic++     -isysroot /Applications/Xcode.app/Contents/Developer/Platforms/MacOSX.platform/Developer/SDKs/MacOSX10.11.sdk -Wl,-search_paths_first -Wl,-headerpad_max_install_names   CMakeFiles/cmTC_90462.dir/feature_tests.cxx.o  -o cmTC_90462  


    Feature record: CXX_FEATURE:0cxx_aggregate_default_initializers
    Feature record: CXX_FEATURE:0cxx_alias_templates
    Feature record: CXX_FEATURE:0cxx_alignas
    Feature record: CXX_FEATURE:0cxx_alignof
    Feature record: CXX_FEATURE:0cxx_attributes
    Feature record: CXX_FEATURE:0cxx_attribute_deprecated
    Feature record: CXX_FEATURE:0cxx_auto_type
    Feature record: CXX_FEATURE:0cxx_binary_literals
    Feature record: CXX_FEATURE:0cxx_constexpr
    Feature record: CXX_FEATURE:0cxx_contextual_conversions
    Feature record: CXX_FEATURE:0cxx_decltype
    Feature record: CXX_FEATURE:0cxx_decltype_auto
    Feature record: CXX_FEATURE:0cxx_decltype_incomplete_return_types
    Feature record: CXX_FEATURE:0cxx_default_function_template_args
    Feature record: CXX_FEATURE:0cxx_defaulted_functions
    Feature record: CXX_FEATURE:0cxx_defaulted_move_initializers
    Feature record: CXX_FEATURE:0cxx_delegating_constructors
    Feature record: CXX_FEATURE:0cxx_deleted_functions
    Feature record: CXX_FEATURE:0cxx_digit_separators
    Feature record: CXX_FEATURE:0cxx_enum_forward_declarations
    Feature record: CXX_FEATURE:0cxx_explicit_conversions
    Feature record: CXX_FEATURE:0cxx_extended_friend_declarations
    Feature record: CXX_FEATURE:0cxx_extern_templates
    Feature record: CXX_FEATURE:0cxx_final
    Feature record: CXX_FEATURE:0cxx_func_identifier
    Feature record: CXX_FEATURE:0cxx_generalized_initializers
    Feature record: CXX_FEATURE:0cxx_generic_lambdas
    Feature record: CXX_FEATURE:0cxx_inheriting_constructors
    Feature record: CXX_FEATURE:0cxx_inline_namespaces
    Feature record: CXX_FEATURE:0cxx_lambdas
    Feature record: CXX_FEATURE:0cxx_lambda_init_captures
    Feature record: CXX_FEATURE:0cxx_local_type_template_args
    Feature record: CXX_FEATURE:0cxx_long_long_type
    Feature record: CXX_FEATURE:0cxx_noexcept
    Feature record: CXX_FEATURE:0cxx_nonstatic_member_init
    Feature record: CXX_FEATURE:0cxx_nullptr
    Feature record: CXX_FEATURE:0cxx_override
    Feature record: CXX_FEATURE:0cxx_range_for
    Feature record: CXX_FEATURE:0cxx_raw_string_literals
    Feature record: CXX_FEATURE:0cxx_reference_qualified_functions
    Feature record: CXX_FEATURE:0cxx_relaxed_constexpr
    Feature record: CXX_FEATURE:0cxx_return_type_deduction
    Feature record: CXX_FEATURE:0cxx_right_angle_brackets
    Feature record: CXX_FEATURE:0cxx_rvalue_references
    Feature record: CXX_FEATURE:0cxx_sizeof_member
    Feature record: CXX_FEATURE:0cxx_static_assert
    Feature record: CXX_FEATURE:0cxx_strong_enums
    Feature record: CXX_FEATURE:1cxx_template_template_parameters
    Feature record: CXX_FEATURE:0cxx_thread_local
    Feature record: CXX_FEATURE:0cxx_trailing_return_types
    Feature record: CXX_FEATURE:0cxx_unicode_literals
    Feature record: CXX_FEATURE:0cxx_uniform_initialization
    Feature record: CXX_FEATURE:0cxx_unrestricted_unions
    Feature record: CXX_FEATURE:0cxx_user_literals
    Feature record: CXX_FEATURE:0cxx_variable_templates
    Feature record: CXX_FEATURE:0cxx_variadic_macros
    Feature record: CXX_FEATURE:0cxx_variadic_templates
